<?xml version="1.0" encoding="UTF-8"?>
<!-- Generated by org.testng.reporters.JUnitReportReporter -->
<testsuite skipped="0" hostname="AJITH" name="org.parallel.Fb" tests="4" failures="0" timestamp="15 Apr 2022 02:54:19 GMT" time="480.393" errors="3">
  <testcase name="t1" time="206.117" classname="org.parallel.Fb"/>
  <testcase name="t2" time="218.476" classname="org.parallel.Fb">
    <error type="org.openqa.selenium.NoSuchElementException" message="no such element: Unable to locate element: {&quot;method&quot;:&quot;css selector&quot;,&quot;selector&quot;:&quot;#pass&quot;}
  (Session info: chrome=100.0.4896.88)
For documentation on this error, please visit: https://www.seleniumhq.org/exceptions/no_such_element.html
Build info: version: &#039;3.141.59&#039;, revision: &#039;e82be7d358&#039;, time: &#039;2018-11-14T08:17:03&#039;
System info: host: &#039;AJITH&#039;, ip: &#039;192.168.0.113&#039;, os.name: &#039;Windows 8&#039;, os.arch: &#039;x86&#039;, os.version: &#039;6.2&#039;, java.version: &#039;1.8.0_321&#039;
Driver info: org.openqa.selenium.chrome.ChromeDriver
Capabilities {acceptInsecureCerts: false, browserName: chrome, browserVersion: 100.0.4896.88, chrome: {chromedriverVersion: 100.0.4896.60 (6a5d10861ce8..., userDataDir: C:\Users\AJITHM~1\AppData\L...}, goog:chromeOptions: {debuggerAddress: localhost:59555}, javascriptEnabled: true, networkConnectionEnabled: false, pageLoadStrategy: normal, platform: WINDOWS, platformName: WINDOWS, proxy: Proxy(), setWindowRect: true, strictFileInteractability: false, timeouts: {implicit: 0, pageLoad: 300000, script: 30000}, unhandledPromptBehavior: dismiss and notify, webauthn:extension:credBlob: true, webauthn:extension:largeBlob: true, webauthn:virtualAuthenticators: true}
Session ID: 29e639cd111e2338f3f08b9b1195f4d9
*** Element info: {Using=id, value=pass}">
      <![CDATA[org.openqa.selenium.NoSuchElementException: no such element: Unable to locate element: {"method":"css selector","selector":"#pass"}
  (Session info: chrome=100.0.4896.88)
For documentation on this error, please visit: https://www.seleniumhq.org/exceptions/no_such_element.html
Build info: version: '3.141.59', revision: 'e82be7d358', time: '2018-11-14T08:17:03'
System info: host: 'AJITH', ip: '192.168.0.113', os.name: 'Windows 8', os.arch: 'x86', os.version: '6.2', java.version: '1.8.0_321'
Driver info: org.openqa.selenium.chrome.ChromeDriver
Capabilities {acceptInsecureCerts: false, browserName: chrome, browserVersion: 100.0.4896.88, chrome: {chromedriverVersion: 100.0.4896.60 (6a5d10861ce8..., userDataDir: C:\Users\AJITHM~1\AppData\L...}, goog:chromeOptions: {debuggerAddress: localhost:59555}, javascriptEnabled: true, networkConnectionEnabled: false, pageLoadStrategy: normal, platform: WINDOWS, platformName: WINDOWS, proxy: Proxy(), setWindowRect: true, strictFileInteractability: false, timeouts: {implicit: 0, pageLoad: 300000, script: 30000}, unhandledPromptBehavior: dismiss and notify, webauthn:extension:credBlob: true, webauthn:extension:largeBlob: true, webauthn:virtualAuthenticators: true}
Session ID: 29e639cd111e2338f3f08b9b1195f4d9
*** Element info: {Using=id, value=pass}
at sun.reflect.NativeConstructorAccessorImpl.newInstance0(Native Method)
at sun.reflect.NativeConstructorAccessorImpl.newInstance(Unknown Source)
at sun.reflect.DelegatingConstructorAccessorImpl.newInstance(Unknown Source)
at java.lang.reflect.Constructor.newInstance(Unknown Source)
at org.openqa.selenium.remote.http.W3CHttpResponseCodec.createException(W3CHttpResponseCodec.java:187)
at org.openqa.selenium.remote.http.W3CHttpResponseCodec.decode(W3CHttpResponseCodec.java:122)
at org.openqa.selenium.remote.http.W3CHttpResponseCodec.decode(W3CHttpResponseCodec.java:49)
at org.openqa.selenium.remote.HttpCommandExecutor.execute(HttpCommandExecutor.java:158)
at org.openqa.selenium.remote.service.DriverCommandExecutor.execute(DriverCommandExecutor.java:83)
at org.openqa.selenium.remote.RemoteWebDriver.execute(RemoteWebDriver.java:552)
at org.openqa.selenium.remote.RemoteWebDriver.findElement(RemoteWebDriver.java:323)
at org.openqa.selenium.remote.RemoteWebDriver.findElementById(RemoteWebDriver.java:372)
at org.openqa.selenium.By$ById.findElement(By.java:188)
at org.openqa.selenium.remote.RemoteWebDriver.findElement(RemoteWebDriver.java:315)
at org.Base.BaseClass.findElements(BaseClass.java:123)
at org.parallel.Fb.t2(Fb.java:25)
at sun.reflect.NativeMethodAccessorImpl.invoke0(Native Method)
at sun.reflect.NativeMethodAccessorImpl.invoke(Unknown Source)
at sun.reflect.DelegatingMethodAccessorImpl.invoke(Unknown Source)
at java.lang.reflect.Method.invoke(Unknown Source)
at org.testng.internal.MethodInvocationHelper.invokeMethod(MethodInvocationHelper.java:124)
at org.testng.internal.Invoker.invokeMethod(Invoker.java:583)
at org.testng.internal.Invoker.invokeTestMethod(Invoker.java:719)
at org.testng.internal.Invoker.invokeTestMethods(Invoker.java:989)
at org.testng.internal.TestMethodWorker.invokeTestMethods(TestMethodWorker.java:125)
at org.testng.internal.TestMethodWorker.run(TestMethodWorker.java:109)
at java.util.concurrent.ThreadPoolExecutor.runWorker(Unknown Source)
at java.util.concurrent.ThreadPoolExecutor$Worker.run(Unknown Source)
at java.lang.Thread.run(Unknown Source)
]]>
    </error>
  </testcase> <!-- t2 -->
  <testcase name="t2" time="28.621" classname="org.parallel.Fb">
    <error type="org.openqa.selenium.WebDriverException" message="unknown error: MSEdge failed to start: exited normally.
  (chrome not reachable)
  (The process started from msedge location C:\Program Files\Microsoft\Edge\Application\msedge.exe is no longer running, so MSEdgeDriver is assuming that MSEdge has crashed.)
Build info: version: &#039;3.141.59&#039;, revision: &#039;e82be7d358&#039;, time: &#039;2018-11-14T08:17:03&#039;
System info: host: &#039;AJITH&#039;, ip: &#039;192.168.0.113&#039;, os.name: &#039;Windows 8&#039;, os.arch: &#039;x86&#039;, os.version: &#039;6.2&#039;, java.version: &#039;1.8.0_321&#039;
Driver info: driver.version: EdgeDriver
remote stacktrace: Backtrace:
	Microsoft::Applications::Events::EventProperties::unpack [0x00C2ABF3+57891]
	Microsoft::Applications::Events::ISemanticContext::SetCommonField [0x00B07E91+1418945]
	Microsoft::Applications::Events::ILogConfiguration::operator* [0x008F43DE+3470]
	Microsoft::Applications::Events::GUID_t::GUID_t [0x00910683+44451]
	Microsoft::Applications::Events::GUID_t::GUID_t [0x0090CA19+28985]
	Microsoft::Applications::Events::GUID_t::GUID_t [0x00936F48+202344]
	Microsoft::Applications::Events::GUID_t::GUID_t [0x0093696E+200846]
	Microsoft::Applications::Events::GUID_t::GUID_t [0x00931E06+181542]
	Microsoft::Applications::Events::GUID_t::GUID_t [0x009150D6+63478]
	Microsoft::Applications::Events::GUID_t::GUID_t [0x00915E66+66950]
	Microsoft::Applications::Events::ISemanticContext::SetCommonField [0x00B224B5+1527013]
	Microsoft::Applications::Events::ILogManager::DispatchEventBroadcast [0x00DAC1A2+117554]
	Microsoft::Applications::Events::ILogManager::DispatchEventBroadcast [0x00DABE47+116695]
	Microsoft::Applications::Events::ILogManager::DispatchEventBroadcast [0x00DAFF00+133264]
	Microsoft::Applications::Events::ILogManager::DispatchEventBroadcast [0x00DAC88C+119324]
	Microsoft::Applications::Events::ISemanticContext::SetCommonField [0x00B19F27+1492823]
	Microsoft::Applications::Events::ISemanticContext::SetCommonField [0x00B24D28+1537368]
	Microsoft::Applications::Events::ISemanticContext::SetCommonField [0x00B24EB2+1537762]
	Microsoft::Applications::Events::ISemanticContext::SetCommonField [0x00B36692+1609410]
	BaseThreadInitThunk [0x7739173E+18]
	LdrInitializeThunk [0x77700409+593]
	LdrInitializeThunk [0x777003B5+509]
">
      <![CDATA[org.openqa.selenium.WebDriverException: unknown error: MSEdge failed to start: exited normally.
  (chrome not reachable)
  (The process started from msedge location C:\Program Files\Microsoft\Edge\Application\msedge.exe is no longer running, so MSEdgeDriver is assuming that MSEdge has crashed.)
Build info: version: '3.141.59', revision: 'e82be7d358', time: '2018-11-14T08:17:03'
System info: host: 'AJITH', ip: '192.168.0.113', os.name: 'Windows 8', os.arch: 'x86', os.version: '6.2', java.version: '1.8.0_321'
Driver info: driver.version: EdgeDriver
remote stacktrace: Backtrace:
Microsoft::Applications::Events::EventProperties::unpack [0x00C2ABF3+57891]
Microsoft::Applications::Events::ISemanticContext::SetCommonField [0x00B07E91+1418945]
Microsoft::Applications::Events::ILogConfiguration::operator* [0x008F43DE+3470]
Microsoft::Applications::Events::GUID_t::GUID_t [0x00910683+44451]
Microsoft::Applications::Events::GUID_t::GUID_t [0x0090CA19+28985]
Microsoft::Applications::Events::GUID_t::GUID_t [0x00936F48+202344]
Microsoft::Applications::Events::GUID_t::GUID_t [0x0093696E+200846]
Microsoft::Applications::Events::GUID_t::GUID_t [0x00931E06+181542]
Microsoft::Applications::Events::GUID_t::GUID_t [0x009150D6+63478]
Microsoft::Applications::Events::GUID_t::GUID_t [0x00915E66+66950]
Microsoft::Applications::Events::ISemanticContext::SetCommonField [0x00B224B5+1527013]
Microsoft::Applications::Events::ILogManager::DispatchEventBroadcast [0x00DAC1A2+117554]
Microsoft::Applications::Events::ILogManager::DispatchEventBroadcast [0x00DABE47+116695]
Microsoft::Applications::Events::ILogManager::DispatchEventBroadcast [0x00DAFF00+133264]
Microsoft::Applications::Events::ILogManager::DispatchEventBroadcast [0x00DAC88C+119324]
Microsoft::Applications::Events::ISemanticContext::SetCommonField [0x00B19F27+1492823]
Microsoft::Applications::Events::ISemanticContext::SetCommonField [0x00B24D28+1537368]
Microsoft::Applications::Events::ISemanticContext::SetCommonField [0x00B24EB2+1537762]
Microsoft::Applications::Events::ISemanticContext::SetCommonField [0x00B36692+1609410]
BaseThreadInitThunk [0x7739173E+18]
LdrInitializeThunk [0x77700409+593]
LdrInitializeThunk [0x777003B5+509]

at sun.reflect.NativeConstructorAccessorImpl.newInstance0(Native Method)
at sun.reflect.NativeConstructorAccessorImpl.newInstance(Unknown Source)
at sun.reflect.DelegatingConstructorAccessorImpl.newInstance(Unknown Source)
at java.lang.reflect.Constructor.newInstance(Unknown Source)
at org.openqa.selenium.remote.W3CHandshakeResponse.lambda$errorHandler$0(W3CHandshakeResponse.java:62)
at org.openqa.selenium.remote.HandshakeResponse.lambda$getResponseFunction$0(HandshakeResponse.java:30)
at org.openqa.selenium.remote.ProtocolHandshake.lambda$createSession$0(ProtocolHandshake.java:126)
at java.util.stream.ReferencePipeline$3$1.accept(Unknown Source)
at java.util.Spliterators$ArraySpliterator.tryAdvance(Unknown Source)
at java.util.stream.ReferencePipeline.forEachWithCancel(Unknown Source)
at java.util.stream.AbstractPipeline.copyIntoWithCancel(Unknown Source)
at java.util.stream.AbstractPipeline.copyInto(Unknown Source)
at java.util.stream.AbstractPipeline.wrapAndCopyInto(Unknown Source)
at java.util.stream.FindOps$FindOp.evaluateSequential(Unknown Source)
at java.util.stream.AbstractPipeline.evaluate(Unknown Source)
at java.util.stream.ReferencePipeline.findFirst(Unknown Source)
at org.openqa.selenium.remote.ProtocolHandshake.createSession(ProtocolHandshake.java:128)
at org.openqa.selenium.remote.ProtocolHandshake.createSession(ProtocolHandshake.java:74)
at org.openqa.selenium.remote.HttpCommandExecutor.execute(HttpCommandExecutor.java:136)
at org.openqa.selenium.remote.service.DriverCommandExecutor.execute(DriverCommandExecutor.java:83)
at org.openqa.selenium.remote.RemoteWebDriver.execute(RemoteWebDriver.java:552)
at org.openqa.selenium.remote.RemoteWebDriver.startSession(RemoteWebDriver.java:213)
at org.openqa.selenium.remote.RemoteWebDriver.<init>(RemoteWebDriver.java:131)
at org.openqa.selenium.edge.EdgeDriver.<init>(EdgeDriver.java:141)
at org.openqa.selenium.edge.EdgeDriver.<init>(EdgeDriver.java:96)
at org.Base.BaseClass.launchBrowser(BaseClass.java:51)
at org.parallel.Fb.t2(Fb.java:22)
at sun.reflect.NativeMethodAccessorImpl.invoke0(Native Method)
at sun.reflect.NativeMethodAccessorImpl.invoke(Unknown Source)
at sun.reflect.DelegatingMethodAccessorImpl.invoke(Unknown Source)
at java.lang.reflect.Method.invoke(Unknown Source)
at org.testng.internal.MethodInvocationHelper.invokeMethod(MethodInvocationHelper.java:124)
at org.testng.internal.Invoker.invokeMethod(Invoker.java:583)
at org.testng.internal.Invoker.invokeTestMethod(Invoker.java:719)
at org.testng.internal.Invoker.invokeTestMethods(Invoker.java:989)
at org.testng.internal.TestMethodWorker.invokeTestMethods(TestMethodWorker.java:125)
at org.testng.internal.TestMethodWorker.run(TestMethodWorker.java:109)
at java.util.concurrent.ThreadPoolExecutor.runWorker(Unknown Source)
at java.util.concurrent.ThreadPoolExecutor$Worker.run(Unknown Source)
at java.lang.Thread.run(Unknown Source)
]]>
    </error>
  </testcase> <!-- t2 -->
  <testcase name="t1" time="27.179" classname="org.parallel.Fb">
    <error type="org.openqa.selenium.WebDriverException" message="unknown error: MSEdge failed to start: exited normally.
  (chrome not reachable)
  (The process started from msedge location C:\Program Files\Microsoft\Edge\Application\msedge.exe is no longer running, so MSEdgeDriver is assuming that MSEdge has crashed.)
Build info: version: &#039;3.141.59&#039;, revision: &#039;e82be7d358&#039;, time: &#039;2018-11-14T08:17:03&#039;
System info: host: &#039;AJITH&#039;, ip: &#039;192.168.0.113&#039;, os.name: &#039;Windows 8&#039;, os.arch: &#039;x86&#039;, os.version: &#039;6.2&#039;, java.version: &#039;1.8.0_321&#039;
Driver info: driver.version: EdgeDriver
remote stacktrace: Backtrace:
	Microsoft::Applications::Events::EventProperties::unpack [0x00C2ABF3+57891]
	Microsoft::Applications::Events::ISemanticContext::SetCommonField [0x00B07E91+1418945]
	Microsoft::Applications::Events::ILogConfiguration::operator* [0x008F43DE+3470]
	Microsoft::Applications::Events::GUID_t::GUID_t [0x00910683+44451]
	Microsoft::Applications::Events::GUID_t::GUID_t [0x0090CA19+28985]
	Microsoft::Applications::Events::GUID_t::GUID_t [0x00936F48+202344]
	Microsoft::Applications::Events::GUID_t::GUID_t [0x0093696E+200846]
	Microsoft::Applications::Events::GUID_t::GUID_t [0x00931E06+181542]
	Microsoft::Applications::Events::GUID_t::GUID_t [0x009150D6+63478]
	Microsoft::Applications::Events::GUID_t::GUID_t [0x00915E66+66950]
	Microsoft::Applications::Events::ISemanticContext::SetCommonField [0x00B224B5+1527013]
	Microsoft::Applications::Events::ILogManager::DispatchEventBroadcast [0x00DAC1A2+117554]
	Microsoft::Applications::Events::ILogManager::DispatchEventBroadcast [0x00DABE47+116695]
	Microsoft::Applications::Events::ILogManager::DispatchEventBroadcast [0x00DAFF00+133264]
	Microsoft::Applications::Events::ILogManager::DispatchEventBroadcast [0x00DAC88C+119324]
	Microsoft::Applications::Events::ISemanticContext::SetCommonField [0x00B19F27+1492823]
	Microsoft::Applications::Events::ISemanticContext::SetCommonField [0x00B24D28+1537368]
	Microsoft::Applications::Events::ISemanticContext::SetCommonField [0x00B24EB2+1537762]
	Microsoft::Applications::Events::ISemanticContext::SetCommonField [0x00B36692+1609410]
	BaseThreadInitThunk [0x7739173E+18]
	LdrInitializeThunk [0x77700409+593]
	LdrInitializeThunk [0x777003B5+509]
">
      <![CDATA[org.openqa.selenium.WebDriverException: unknown error: MSEdge failed to start: exited normally.
  (chrome not reachable)
  (The process started from msedge location C:\Program Files\Microsoft\Edge\Application\msedge.exe is no longer running, so MSEdgeDriver is assuming that MSEdge has crashed.)
Build info: version: '3.141.59', revision: 'e82be7d358', time: '2018-11-14T08:17:03'
System info: host: 'AJITH', ip: '192.168.0.113', os.name: 'Windows 8', os.arch: 'x86', os.version: '6.2', java.version: '1.8.0_321'
Driver info: driver.version: EdgeDriver
remote stacktrace: Backtrace:
Microsoft::Applications::Events::EventProperties::unpack [0x00C2ABF3+57891]
Microsoft::Applications::Events::ISemanticContext::SetCommonField [0x00B07E91+1418945]
Microsoft::Applications::Events::ILogConfiguration::operator* [0x008F43DE+3470]
Microsoft::Applications::Events::GUID_t::GUID_t [0x00910683+44451]
Microsoft::Applications::Events::GUID_t::GUID_t [0x0090CA19+28985]
Microsoft::Applications::Events::GUID_t::GUID_t [0x00936F48+202344]
Microsoft::Applications::Events::GUID_t::GUID_t [0x0093696E+200846]
Microsoft::Applications::Events::GUID_t::GUID_t [0x00931E06+181542]
Microsoft::Applications::Events::GUID_t::GUID_t [0x009150D6+63478]
Microsoft::Applications::Events::GUID_t::GUID_t [0x00915E66+66950]
Microsoft::Applications::Events::ISemanticContext::SetCommonField [0x00B224B5+1527013]
Microsoft::Applications::Events::ILogManager::DispatchEventBroadcast [0x00DAC1A2+117554]
Microsoft::Applications::Events::ILogManager::DispatchEventBroadcast [0x00DABE47+116695]
Microsoft::Applications::Events::ILogManager::DispatchEventBroadcast [0x00DAFF00+133264]
Microsoft::Applications::Events::ILogManager::DispatchEventBroadcast [0x00DAC88C+119324]
Microsoft::Applications::Events::ISemanticContext::SetCommonField [0x00B19F27+1492823]
Microsoft::Applications::Events::ISemanticContext::SetCommonField [0x00B24D28+1537368]
Microsoft::Applications::Events::ISemanticContext::SetCommonField [0x00B24EB2+1537762]
Microsoft::Applications::Events::ISemanticContext::SetCommonField [0x00B36692+1609410]
BaseThreadInitThunk [0x7739173E+18]
LdrInitializeThunk [0x77700409+593]
LdrInitializeThunk [0x777003B5+509]

at sun.reflect.NativeConstructorAccessorImpl.newInstance0(Native Method)
at sun.reflect.NativeConstructorAccessorImpl.newInstance(Unknown Source)
at sun.reflect.DelegatingConstructorAccessorImpl.newInstance(Unknown Source)
at java.lang.reflect.Constructor.newInstance(Unknown Source)
at org.openqa.selenium.remote.W3CHandshakeResponse.lambda$errorHandler$0(W3CHandshakeResponse.java:62)
at org.openqa.selenium.remote.HandshakeResponse.lambda$getResponseFunction$0(HandshakeResponse.java:30)
at org.openqa.selenium.remote.ProtocolHandshake.lambda$createSession$0(ProtocolHandshake.java:126)
at java.util.stream.ReferencePipeline$3$1.accept(Unknown Source)
at java.util.Spliterators$ArraySpliterator.tryAdvance(Unknown Source)
at java.util.stream.ReferencePipeline.forEachWithCancel(Unknown Source)
at java.util.stream.AbstractPipeline.copyIntoWithCancel(Unknown Source)
at java.util.stream.AbstractPipeline.copyInto(Unknown Source)
at java.util.stream.AbstractPipeline.wrapAndCopyInto(Unknown Source)
at java.util.stream.FindOps$FindOp.evaluateSequential(Unknown Source)
at java.util.stream.AbstractPipeline.evaluate(Unknown Source)
at java.util.stream.ReferencePipeline.findFirst(Unknown Source)
at org.openqa.selenium.remote.ProtocolHandshake.createSession(ProtocolHandshake.java:128)
at org.openqa.selenium.remote.ProtocolHandshake.createSession(ProtocolHandshake.java:74)
at org.openqa.selenium.remote.HttpCommandExecutor.execute(HttpCommandExecutor.java:136)
at org.openqa.selenium.remote.service.DriverCommandExecutor.execute(DriverCommandExecutor.java:83)
at org.openqa.selenium.remote.RemoteWebDriver.execute(RemoteWebDriver.java:552)
at org.openqa.selenium.remote.RemoteWebDriver.startSession(RemoteWebDriver.java:213)
at org.openqa.selenium.remote.RemoteWebDriver.<init>(RemoteWebDriver.java:131)
at org.openqa.selenium.edge.EdgeDriver.<init>(EdgeDriver.java:141)
at org.openqa.selenium.edge.EdgeDriver.<init>(EdgeDriver.java:96)
at org.Base.BaseClass.launchBrowser(BaseClass.java:51)
at org.parallel.Fb.t1(Fb.java:13)
at sun.reflect.NativeMethodAccessorImpl.invoke0(Native Method)
at sun.reflect.NativeMethodAccessorImpl.invoke(Unknown Source)
at sun.reflect.DelegatingMethodAccessorImpl.invoke(Unknown Source)
at java.lang.reflect.Method.invoke(Unknown Source)
at org.testng.internal.MethodInvocationHelper.invokeMethod(MethodInvocationHelper.java:124)
at org.testng.internal.Invoker.invokeMethod(Invoker.java:583)
at org.testng.internal.Invoker.invokeTestMethod(Invoker.java:719)
at org.testng.internal.Invoker.invokeTestMethods(Invoker.java:989)
at org.testng.internal.TestMethodWorker.invokeTestMethods(TestMethodWorker.java:125)
at org.testng.internal.TestMethodWorker.run(TestMethodWorker.java:109)
at java.util.concurrent.ThreadPoolExecutor.runWorker(Unknown Source)
at java.util.concurrent.ThreadPoolExecutor$Worker.run(Unknown Source)
at java.lang.Thread.run(Unknown Source)
]]>
    </error>
  </testcase> <!-- t1 -->
</testsuite> <!-- org.parallel.Fb -->
